Thu Jul 03 2014 15:25:13 GMT-0400 (EDT):
{ [Error: Required argument credentials.pem for function BasicAuthenticationCloudCredentials is not defined]
  stack: [Getter/Setter],
  __frame: 
   { name: 'createWebsiteExtensionsClient',
     line: 452,
     file: '/var/lib/stickshift/53b2764b5973ca6b0a000188/app-root/data/lib/node_modules/azure-cli/lib/commands/asm/site.deployment._js',
     prev: 
      { name: 'scm_doDeploymentsGet__6',
        line: 246,
        file: '/var/lib/stickshift/53b2764b5973ca6b0a000188/app-root/data/lib/node_modules/azure-cli/lib/commands/asm/site.deployment._js',
        prev: [Object],
        active: false,
        offset: 6,
        col: 18 },
     active: true,
     offset: 6,
     col: 25 },
  rawStack: [Getter] }
Error: Required argument credentials.pem for function BasicAuthenticationCloudCredentials is not defined
    at throwMissingArgument (/var/lib/stickshift/53b2764b5973ca6b0a000188/app-root/data/lib/node_modules/azure-cli/node_modules/azure-common/lib/util/validate.js:416:9)
    at ArgumentValidator._.extend.string (/var/lib/stickshift/53b2764b5973ca6b0a000188/app-root/data/lib/node_modules/azure-cli/node_modules/azure-common/lib/util/validate.js:426:7)
    at /var/lib/stickshift/53b2764b5973ca6b0a000188/app-root/data/lib/node_modules/azure-cli/node_modules/azure/node_modules/azure-mgmt-website/lib/credentials/basicAuthenticationCloudCredentials.js:32:7
    at Object.validateArgs (/var/lib/stickshift/53b2764b5973ca6b0a000188/app-root/data/lib/node_modules/azure-cli/node_modules/azure-common/lib/util/validate.js:478:3)
    at new BasicAuthenticationCloudCredentials (/var/lib/stickshift/53b2764b5973ca6b0a000188/app-root/data/lib/node_modules/azure-cli/node_modules/azure/node_modules/azure-mgmt-website/lib/credentials/basicAuthenticationCloudCredentials.js:29:12)
    at new exports.createBasicAuthenticationCloudCredentials (/var/lib/stickshift/53b2764b5973ca6b0a000188/app-root/data/lib/node_modules/azure-cli/node_modules/azure/node_modules/azure-mgmt-website/lib/website.js:131:10)
    at Object.exports._createWebSiteExtensionsClient (/var/lib/stickshift/53b2764b5973ca6b0a000188/app-root/data/lib/node_modules/azure-cli/lib/util/utils.js:80:63)
    at ___ (/var/lib/stickshift/53b2764b5973ca6b0a000188/app-root/data/lib/node_modules/azure-cli/lib/commands/asm/site.deployment._js:459:29)
    at ___ (/var/lib/stickshift/53b2764b5973ca6b0a000188/app-root/data/lib/node_modules/azure-cli/node_modules/streamline/lib/callbacks/runtime.js:85:13)
    at getHostNameSuffix__13 (/var/lib/stickshift/53b2764b5973ca6b0a000188/app-root/data/lib/node_modules/azure-cli/lib/commands/asm/websites/websitesclient._js:637:16)
    at createWebsiteExtensionsClient (/var/lib/stickshift/53b2764b5973ca6b0a000188/app-root/data/lib/node_modules/azure-cli/lib/commands/asm/site.deployment._js:458:25)
    at scm_doDeploymentsGet__6 (/var/lib/stickshift/53b2764b5973ca6b0a000188/app-root/data/lib/node_modules/azure-cli/lib/commands/asm/site.deployment._js:252:18)
    at listDeployments (/var/lib/stickshift/53b2764b5973ca6b0a000188/app-root/data/lib/node_modules/azure-cli/lib/commands/asm/site.deployment._js:308:22)
    at __1 (/var/lib/stickshift/53b2764b5973ca6b0a000188/app-root/data/lib/node_modules/azure-cli/lib/commands/asm/site.deployment._js:54:8)

